\BOOKMARK [1][-]{section.1}{\376\377\000I\000n\000t\000r\000o\000d\000u\000c\000t\000i\000o\000n}{}% 1
\BOOKMARK [1][-]{section.2}{\376\377\000R\000e\000l\000a\000t\000e\000d\000\040\000W\000o\000r\000k}{}% 2
\BOOKMARK [2][-]{subsection.2.1}{\376\377\000I\000n\000f\000o\000r\000m\000a\000t\000i\000o\000n\000\040\000E\000x\000t\000r\000a\000c\000t\000i\000o\000n\000\040\000a\000n\000d\000\040\000R\000e\000l\000a\000t\000i\000o\000n\000\040\000E\000x\000t\000r\000a\000c\000t\000i\000o\000n}{section.2}% 3
\BOOKMARK [2][-]{subsection.2.2}{\376\377\000L\000L\000M\000-\000B\000a\000s\000e\000d\000\040\000I\000n\000f\000o\000r\000m\000a\000t\000i\000o\000n\000\040\000E\000x\000t\000r\000a\000c\000t\000i\000o\000n}{section.2}% 4
\BOOKMARK [2][-]{subsection.2.3}{\376\377\000C\000a\000u\000s\000a\000l\000\040\000K\000n\000o\000w\000l\000e\000d\000g\000e\000\040\000B\000a\000s\000e\000s\000\040\000a\000n\000d\000\040\000K\000n\000o\000w\000l\000e\000d\000g\000e\000\040\000G\000r\000a\000p\000h\000\040\000C\000o\000n\000s\000t\000r\000u\000c\000t\000i\000o\000n}{section.2}% 5
\BOOKMARK [2][-]{subsection.2.4}{\376\377\000F\000i\000n\000a\000n\000c\000i\000a\000l\000\040\000a\000n\000d\000\040\000E\000c\000o\000n\000o\000m\000i\000c\000\040\000N\000L\000P}{section.2}% 6
\BOOKMARK [2][-]{subsection.2.5}{\376\377\000E\000v\000a\000l\000u\000a\000t\000i\000o\000n\000\040\000o\000f\000\040\000E\000x\000t\000r\000a\000c\000t\000i\000o\000n\000\040\000R\000e\000l\000i\000a\000b\000i\000l\000i\000t\000y}{section.2}% 7
\BOOKMARK [1][-]{section.3}{\376\377\000D\000a\000t\000a\000\040\000a\000n\000d\000\040\000M\000e\000t\000h\000o\000d}{}% 8
\BOOKMARK [2][-]{subsection.3.1}{\376\377\000D\000a\000t\000a\000\040\000C\000o\000l\000l\000e\000c\000t\000i\000o\000n\000\040\000a\000n\000d\000\040\000S\000t\000r\000a\000t\000i\000f\000i\000c\000a\000t\000i\000o\000n}{section.3}% 9
\BOOKMARK [2][-]{subsection.3.2}{\376\377\000E\000x\000t\000r\000a\000c\000t\000i\000o\000n\000\040\000P\000i\000p\000e\000l\000i\000n\000e\000\040\000a\000n\000d\000\040\000P\000r\000o\000m\000p\000t\000\040\000D\000e\000s\000i\000g\000n}{section.3}% 10
\BOOKMARK [2][-]{subsection.3.3}{\376\377\000H\000u\000m\000a\000n\000\040\000E\000v\000a\000l\000u\000a\000t\000i\000o\000n}{section.3}% 11
\BOOKMARK [1][-]{section.4}{\376\377\000R\000e\000s\000u\000l\000t\000s\000\040\000a\000n\000d\000\040\000A\000n\000a\000l\000y\000s\000i\000s}{}% 12
\BOOKMARK [2][-]{subsection.4.1}{\376\377\000O\000v\000e\000r\000a\000l\000l\000\040\000E\000x\000t\000r\000a\000c\000t\000i\000o\000n\000\040\000P\000e\000r\000f\000o\000r\000m\000a\000n\000c\000e}{section.4}% 13
\BOOKMARK [2][-]{subsection.4.2}{\376\377\000F\000a\000i\000t\000h\000f\000u\000l\000n\000e\000s\000s\000\040\000b\000y\000\040\000L\000i\000n\000g\000u\000i\000s\000t\000i\000c\000\040\000C\000o\000m\000p\000l\000e\000x\000i\000t\000y}{section.4}% 14
\BOOKMARK [2][-]{subsection.4.3}{\376\377\000F\000a\000i\000t\000h\000f\000u\000l\000n\000e\000s\000s\000\040\000b\000y\000\040\000E\000c\000o\000n\000o\000m\000i\000c\000\040\000P\000e\000r\000i\000o\000d}{section.4}% 15
\BOOKMARK [2][-]{subsection.4.4}{\376\377\000F\000a\000i\000l\000u\000r\000e\000\040\000M\000o\000d\000e\000\040\000A\000n\000a\000l\000y\000s\000i\000s}{section.4}% 16
\BOOKMARK [2][-]{subsection.4.5}{\376\377\000H\000e\000d\000g\000e\000\040\000D\000e\000t\000e\000c\000t\000i\000o\000n\000\040\000a\000n\000d\000\040\000I\000t\000s\000\040\000R\000e\000l\000a\000t\000i\000o\000n\000s\000h\000i\000p\000\040\000w\000i\000t\000h\000\040\000F\000a\000i\000t\000h\000f\000u\000l\000n\000e\000s\000s}{section.4}% 17
\BOOKMARK [2][-]{subsection.4.6}{\376\377\000F\000a\000i\000l\000u\000r\000e\000\040\000A\000n\000a\000l\000y\000s\000i\000s\000:\000\040\000H\000o\000w\000\040\000R\000e\000s\000u\000l\000t\000s\000\040\000V\000a\000r\000y\000\040\000w\000i\000t\000h\000\040\000F\000a\000i\000l\000u\000r\000e\000\040\000M\000o\000d\000e}{section.4}% 18
\BOOKMARK [2][-]{subsection.4.7}{\376\377\000K\000n\000o\000w\000l\000e\000d\000g\000e\000\040\000G\000r\000a\000p\000h\000\040\000I\000n\000s\000i\000g\000h\000t\000s}{section.4}% 19
\BOOKMARK [1][-]{section.5}{\376\377\000L\000e\000s\000s\000o\000n\000s\000\040\000L\000e\000a\000r\000n\000e\000d\000\040\000a\000n\000d\000\040\000S\000e\000l\000f\000-\000E\000v\000a\000l\000u\000a\000t\000i\000o\000n}{}% 20
\BOOKMARK [2][-]{subsection.5.1}{\376\377\000W\000h\000a\000t\000\040\000W\000e\000n\000t\000\040\000W\000e\000l\000l}{section.5}% 21
\BOOKMARK [2][-]{subsection.5.2}{\376\377\000P\000r\000o\000p\000o\000s\000a\000l\000\040\000A\000d\000h\000e\000r\000e\000n\000c\000e}{section.5}% 22
\BOOKMARK [2][-]{subsection.5.3}{\376\377\000C\000h\000a\000l\000l\000e\000n\000g\000e\000s\000\040\000a\000n\000d\000\040\000L\000i\000m\000i\000t\000a\000t\000i\000o\000n\000s}{section.5}% 23
\BOOKMARK [2][-]{subsection.5.4}{\376\377\000F\000u\000t\000u\000r\000e\000\040\000W\000o\000r\000k}{section.5}% 24
\BOOKMARK [1][-]{section.6}{\376\377\000C\000o\000n\000c\000l\000u\000s\000i\000o\000n\000s}{}% 25
\BOOKMARK [1][-]{appendix.A}{\376\377\000A\000p\000p\000e\000n\000d\000i\000x\000\040\000A\000:\000\040\000E\000x\000t\000r\000a\000c\000t\000i\000o\000n\000\040\000P\000r\000o\000m\000p\000t}{}% 26
\BOOKMARK [1][-]{appendix.B}{\376\377\000A\000p\000p\000e\000n\000d\000i\000x\000\040\000B\000:\000\040\000K\000n\000o\000w\000l\000e\000d\000g\000e\000\040\000G\000r\000a\000p\000h\000\040\000S\000t\000a\000t\000i\000s\000t\000i\000c\000s}{}% 27
\BOOKMARK [1][-]{appendix.C}{\376\377\000A\000p\000p\000e\000n\000d\000i\000x\000\040\000C\000:\000\040\000A\000l\000t\000e\000r\000n\000a\000t\000i\000v\000e\000\040\000E\000v\000a\000l\000u\000a\000t\000i\000o\000n\000\040\000P\000e\000r\000s\000p\000e\000c\000t\000i\000v\000e\000s\000\040\000-\000\040\000D\000e\000t\000a\000i\000l\000e\000d\000\040\000V\000i\000s\000u\000a\000l\000i\000z\000a\000t\000i\000o\000n\000s}{}% 28
\BOOKMARK [2][-]{subsection.C.1}{\376\377\000E\000x\000c\000l\000u\000d\000i\000n\000g\000\040\000N\000o\000n\000-\000D\000e\000t\000e\000c\000t\000e\000d\000\040\000T\000r\000i\000p\000l\000e\000t\000s\000\040\000\050\000M\000o\000d\000e\000\040\0000\000\051}{appendix.C}% 29
\BOOKMARK [2][-]{subsection.C.2}{\376\377\000R\000e\000l\000a\000x\000e\000d\000\040\000E\000v\000a\000l\000u\000a\000t\000i\000o\000n\000\040\000C\000r\000i\000t\000e\000r\000i\000a\000\040\000\050\000M\000o\000d\000e\000s\000\040\0002\000\040\000\046\000\040\0004\000\040\000a\000s\000\040\000P\000a\000r\000t\000i\000a\000l\000\040\000S\000u\000c\000c\000e\000s\000s\000e\000s\000\051}{appendix.C}% 30
\BOOKMARK [2][-]{subsection.C.3}{\376\377\000F\000a\000i\000l\000u\000r\000e\000\040\000M\000o\000d\000e\000s\000\040\000U\000n\000d\000e\000r\000\040\000A\000l\000t\000e\000r\000n\000a\000t\000i\000v\000e\000\040\000C\000r\000i\000t\000e\000r\000i\000a}{appendix.C}% 31
\BOOKMARK [1][-]{appendix.D}{\376\377\000A\000p\000p\000e\000n\000d\000i\000x\000\040\000D\000:\000\040\000K\000n\000o\000w\000l\000e\000d\000g\000e\000\040\000G\000r\000a\000p\000h\000\040\000V\000i\000s\000u\000a\000l\000i\000z\000a\000t\000i\000o\000n\000s}{}% 32
\BOOKMARK [2][-]{subsection.D.1}{\376\377\000G\000r\000e\000a\000t\000\040\000M\000o\000d\000e\000r\000a\000t\000i\000o\000n\000\040\000\050\0001\0009\0009\0004\040\023\0002\0000\0000\0007\000\051}{appendix.D}% 33
\BOOKMARK [2][-]{subsection.D.2}{\376\377\000P\000o\000s\000t\000-\000C\000r\000i\000s\000i\000s\000\040\000Z\000L\000B\000\040\000\050\0002\0000\0000\0008\040\023\0002\0000\0001\0009\000\051}{appendix.D}% 34
\BOOKMARK [2][-]{subsection.D.3}{\376\377\000P\000o\000s\000t\000-\000C\000O\000V\000I\000D\000\040\000S\000u\000r\000g\000e\000\040\000\050\0002\0000\0002\0000\040\023\0002\0000\0002\0003\000\051}{appendix.D}% 35
\BOOKMARK [1][-]{appendix.E}{\376\377\000A\000p\000p\000e\000n\000d\000i\000x\000\040\000E\000:\000\040\000P\000e\000r\000i\000o\000d\000-\000S\000p\000e\000c\000i\000f\000i\000c\000\040\000C\000o\000m\000p\000l\000e\000x\000i\000t\000y\000\040\000a\000n\000d\000\040\000H\000e\000d\000g\000i\000n\000g\000\040\000A\000n\000a\000l\000y\000s\000i\000s}{}% 36
\BOOKMARK [1][-]{appendix.F}{\376\377\000A\000p\000p\000e\000n\000d\000i\000x\000\040\000F\000:\000\040\000U\000s\000e\000\040\000o\000f\000\040\000L\000L\000M\000\040\000f\000o\000r\000\040\000c\000o\000d\000i\000n\000g\000\040\000a\000s\000s\000i\000s\000t\000a\000n\000c\000e}{}% 37
